{
  "RSpec": {
    "coverage": {
      "/Users/gustafrudholm/Desktop/Programs/instagram-challenge/app/controllers/comments_controller.rb": [
        1,
        null,
        1,
        2,
        2,
        null,
        null,
        1,
        1,
        1,
        1,
        null,
        null,
        1,
        1,
        null,
        null,
        null
      ],
      "/Users/gustafrudholm/Desktop/Programs/instagram-challenge/app/controllers/application_controller.rb": [
        1,
        null,
        null,
        1,
        null
      ],
      "/Users/gustafrudholm/Desktop/Programs/instagram-challenge/spec/features/comments_feature_spec.rb": [
        1,
        null,
        1,
        null,
        null,
        1,
        null,
        4,
        1,
        3,
        null,
        null,
        1,
        1,
        1,
        null,
        null,
        1,
        1,
        1,
        1,
        null,
        null,
        1,
        1,
        1,
        1,
        1,
        1,
        null,
        null,
        null,
        null,
        null
      ],
      "/Users/gustafrudholm/Desktop/Programs/instagram-challenge/spec/features/posts_feature_spec.rb": [
        1,
        1,
        null,
        1,
        null,
        1,
        9,
        null,
        null,
        1,
        null,
        1,
        1,
        null,
        null,
        1,
        1,
        null,
        null,
        null,
        1,
        null,
        1,
        1,
        1,
        1,
        1,
        null,
        null,
        1,
        1,
        null,
        1,
        1,
        1,
        1,
        1,
        1,
        null,
        null,
        null,
        null,
        1,
        null,
        3,
        1,
        2,
        null,
        null,
        1,
        1,
        1,
        null,
        null,
        1,
        1,
        1,
        1,
        null,
        null,
        null,
        null,
        1,
        4,
        1,
        3,
        null,
        null,
        1,
        1,
        1,
        null,
        null,
        1,
        1,
        1,
        1,
        1,
        1,
        null,
        null,
        1,
        1,
        1,
        1,
        null,
        null,
        null,
        null,
        null
      ],
      "/Users/gustafrudholm/Desktop/Programs/instagram-challenge/spec/helpers/comments_helper_spec.rb": [
        1,
        null,
        null,
        null,
        null,
        null,
        null,
        null,
        null,
        null,
        null,
        null,
        1,
        1,
        null
      ],
      "/Users/gustafrudholm/Desktop/Programs/instagram-challenge/spec/models/comment_spec.rb": [
        1,
        null,
        1,
        1,
        null
      ],
      "/Users/gustafrudholm/Desktop/Programs/instagram-challenge/app/models/comment.rb": [
        1,
        1,
        null
      ],
      "/Users/gustafrudholm/Desktop/Programs/instagram-challenge/spec/models/post_spec.rb": [
        1,
        null,
        1,
        2,
        2,
        2,
        null,
        1,
        1,
        null,
        null,
        null
      ],
      "/Users/gustafrudholm/Desktop/Programs/instagram-challenge/app/models/post.rb": [
        1,
        1,
        1,
        1,
        1,
        1,
        1,
        1,
        1,
        null,
        null
      ],
      "/Users/gustafrudholm/Desktop/Programs/instagram-challenge/app/controllers/posts_controller.rb": [
        1,
        null,
        1,
        18,
        null,
        null,
        1,
        2,
        null,
        null,
        1,
        1,
        1,
        1,
        null,
        0,
        null,
        null,
        null,
        1,
        7,
        null,
        null,
        1,
        1,
        null,
        null,
        1,
        1,
        1,
        1,
        1,
        null,
        0,
        null,
        null,
        null,
        1,
        1,
        1,
        1,
        1,
        null,
        null,
        1,
        2,
        null,
        null,
        null
      ]
    },
    "timestamp": 1445855408
  }
}
