{
  "RSpec": {
    "coverage": {
      "/Users/gustafrudholm/Desktop/Programs/instagram-challenge/spec/models/post_spec.rb": [
        1,
        null,
        1,
        2,
        2,
        2,
        null,
        1,
        1,
        null,
        null,
        null
      ],
      "/Users/gustafrudholm/Desktop/Programs/instagram-challenge/app/models/post.rb": [
        1,
        1,
        1,
        1,
        1,
        1,
        1,
        1,
        null
      ],
      "/Users/gustafrudholm/Desktop/Programs/instagram-challenge/app/controllers/posts_controller.rb": [
        1,
        null,
        1,
        14,
        null,
        null,
        1,
        2,
        null,
        null,
        1,
        1,
        1,
        1,
        null,
        0,
        null,
        null,
        null,
        1,
        4,
        null,
        null,
        1,
        1,
        null,
        null,
        1,
        1,
        1,
        1,
        null,
        null,
        1,
        1,
        1,
        1,
        1,
        null,
        null,
        1,
        2,
        null,
        null,
        null
      ],
      "/Users/gustafrudholm/Desktop/Programs/instagram-challenge/app/controllers/application_controller.rb": [
        1,
        null,
        null,
        1,
        null
      ]
    },
    "timestamp": 1445797019
  }
}
